<?xml version="1.0" encoding="UTF-8"?>
<coverage generated="1609105266415" clover="3.2.0">
  <project timestamp="1609105266415" name="All files">
    <metrics statements="104" coveredstatements="103" conditionals="36" coveredconditionals="30" methods="40" coveredmethods="37" elements="180" coveredelements="170" complexity="0" loc="104" ncloc="104" packages="12" files="13" classes="13"/>
    <package name="src">
      <metrics statements="5" coveredstatements="5" conditionals="4" coveredconditionals="4" methods="1" coveredmethods="1"/>
      <file name="App.tsx" path="/Users/cianogralaigh/Documents/CodeRepositories/portfolio-2020/src/App.tsx">
        <metrics statements="5" coveredstatements="5" conditionals="4" coveredconditionals="4" methods="1" coveredmethods="1"/>
        <line num="16" count="1" type="stmt"/>
        <line num="17" count="5" type="stmt"/>
        <line num="24" count="5" type="cond" truecount="2" falsecount="0"/>
        <line num="25" count="2" type="cond" truecount="2" falsecount="0"/>
        <line num="27" count="1" type="stmt"/>
      </file>
    </package>
    <package name="src.components.containers.about">
      <metrics statements="2" coveredstatements="2" conditionals="0" coveredconditionals="0" methods="1" coveredmethods="1"/>
      <file name="About.tsx" path="/Users/cianogralaigh/Documents/CodeRepositories/portfolio-2020/src/components/containers/about/About.tsx">
        <metrics statements="2" coveredstatements="2" conditionals="0" coveredconditionals="0" methods="1" coveredmethods="1"/>
        <line num="7" count="2" type="stmt"/>
        <line num="8" count="2" type="stmt"/>
      </file>
    </package>
    <package name="src.components.containers.navbar">
      <metrics statements="7" coveredstatements="7" conditionals="2" coveredconditionals="2" methods="3" coveredmethods="3"/>
      <file name="Navbar.tsx" path="/Users/cianogralaigh/Documents/CodeRepositories/portfolio-2020/src/components/containers/navbar/Navbar.tsx">
        <metrics statements="7" coveredstatements="7" conditionals="2" coveredconditionals="2" methods="3" coveredmethods="3"/>
        <line num="9" count="2" type="stmt"/>
        <line num="19" count="2" type="stmt"/>
        <line num="20" count="3" type="stmt"/>
        <line num="22" count="3" type="stmt"/>
        <line num="23" count="3" type="stmt"/>
        <line num="24" count="6" type="cond" truecount="2" falsecount="0"/>
        <line num="45" count="3" type="stmt"/>
      </file>
    </package>
    <package name="src.components.containers.projects">
      <metrics statements="14" coveredstatements="14" conditionals="0" coveredconditionals="0" methods="3" coveredmethods="3"/>
      <file name="Projects.tsx" path="/Users/cianogralaigh/Documents/CodeRepositories/portfolio-2020/src/components/containers/projects/Projects.tsx">
        <metrics statements="14" coveredstatements="14" conditionals="0" coveredconditionals="0" methods="3" coveredmethods="3"/>
        <line num="20" count="1" type="stmt"/>
        <line num="21" count="8" type="stmt"/>
        <line num="22" count="8" type="stmt"/>
        <line num="23" count="8" type="stmt"/>
        <line num="26" count="8" type="stmt"/>
        <line num="28" count="8" type="stmt"/>
        <line num="29" count="1" type="stmt"/>
        <line num="30" count="1" type="stmt"/>
        <line num="31" count="1" type="stmt"/>
        <line num="32" count="1" type="stmt"/>
        <line num="35" count="8" type="stmt"/>
        <line num="36" count="2" type="stmt"/>
        <line num="37" count="2" type="stmt"/>
        <line num="40" count="8" type="stmt"/>
      </file>
    </package>
    <package name="src.components.styles">
      <metrics statements="1" coveredstatements="1" conditionals="0" coveredconditionals="0" methods="0" coveredmethods="0"/>
      <file name="theme.ts" path="/Users/cianogralaigh/Documents/CodeRepositories/portfolio-2020/src/components/styles/theme.ts">
        <metrics statements="1" coveredstatements="1" conditionals="0" coveredconditionals="0" methods="0" coveredmethods="0"/>
        <line num="3" count="10" type="stmt"/>
      </file>
    </package>
    <package name="src.components.styles.StyledNavBar">
      <metrics statements="4" coveredstatements="4" conditionals="4" coveredconditionals="4" methods="3" coveredmethods="3"/>
      <file name="StyledNavbar.tsx" path="/Users/cianogralaigh/Documents/CodeRepositories/portfolio-2020/src/components/styles/StyledNavBar/StyledNavbar.tsx">
        <metrics statements="4" coveredstatements="4" conditionals="4" coveredconditionals="4" methods="3" coveredmethods="3"/>
        <line num="8" count="3" type="stmt"/>
        <line num="10" count="5" type="cond" truecount="2" falsecount="0"/>
        <line num="12" count="5" type="cond" truecount="2" falsecount="0"/>
        <line num="16" count="5" type="stmt"/>
      </file>
    </package>
    <package name="src.components.view.about-text">
      <metrics statements="25" coveredstatements="25" conditionals="16" coveredconditionals="12" methods="5" coveredmethods="5"/>
      <file name="AboutText.tsx" path="/Users/cianogralaigh/Documents/CodeRepositories/portfolio-2020/src/components/view/about-text/AboutText.tsx">
        <metrics statements="25" coveredstatements="25" conditionals="16" coveredconditionals="12" methods="5" coveredmethods="5"/>
        <line num="9" count="3" type="stmt"/>
        <line num="17" count="3" type="stmt"/>
        <line num="18" count="185" type="stmt"/>
        <line num="20" count="185" type="stmt"/>
        <line num="21" count="185" type="stmt"/>
        <line num="23" count="185" type="stmt"/>
        <line num="24" count="185" type="stmt"/>
        <line num="26" count="185" type="stmt"/>
        <line num="27" count="185" type="stmt"/>
        <line num="29" count="185" type="stmt"/>
        <line num="30" count="185" type="stmt"/>
        <line num="32" count="185" type="stmt"/>
        <line num="33" count="4" type="cond" truecount="2" falsecount="2"/>
        <line num="34" count="4" type="stmt"/>
        <line num="35" count="3" type="cond" truecount="2" falsecount="0"/>
        <line num="39" count="185" type="stmt"/>
        <line num="85" count="185" type="stmt"/>
        <line num="86" count="185" type="stmt"/>
        <line num="88" count="185" type="cond" truecount="2" falsecount="0"/>
        <line num="89" count="185" type="cond" truecount="2" falsecount="0"/>
        <line num="90" count="185" type="cond" truecount="2" falsecount="0"/>
        <line num="92" count="185" type="cond" truecount="1" falsecount="1"/>
        <line num="95" count="185" type="stmt"/>
        <line num="96" count="185" type="cond" truecount="1" falsecount="1"/>
        <line num="106" count="185" type="stmt"/>
      </file>
    </package>
    <package name="src.components.view.margin">
      <metrics statements="5" coveredstatements="5" conditionals="2" coveredconditionals="1" methods="2" coveredmethods="2"/>
      <file name="Margin.tsx" path="/Users/cianogralaigh/Documents/CodeRepositories/portfolio-2020/src/components/view/margin/Margin.tsx">
        <metrics statements="5" coveredstatements="5" conditionals="2" coveredconditionals="1" methods="2" coveredmethods="2"/>
        <line num="12" count="1" type="stmt"/>
        <line num="13" count="1" type="stmt"/>
        <line num="14" count="1" type="stmt"/>
        <line num="16" count="1" type="stmt"/>
        <line num="23" count="18" type="stmt"/>
      </file>
    </package>
    <package name="src.components.view.project-filter">
      <metrics statements="10" coveredstatements="10" conditionals="0" coveredconditionals="0" methods="7" coveredmethods="7"/>
      <file name="ProjectFilter.tsx" path="/Users/cianogralaigh/Documents/CodeRepositories/portfolio-2020/src/components/view/project-filter/ProjectFilter.tsx">
        <metrics statements="10" coveredstatements="10" conditionals="0" coveredconditionals="0" methods="7" coveredmethods="7"/>
        <line num="17" count="1" type="stmt"/>
        <line num="25" count="7" type="stmt"/>
        <line num="26" count="7" type="stmt"/>
        <line num="27" count="7" type="stmt"/>
        <line num="36" count="1" type="stmt"/>
        <line num="44" count="7" type="stmt"/>
        <line num="45" count="7" type="stmt"/>
        <line num="46" count="14" type="stmt"/>
        <line num="54" count="7" type="stmt"/>
        <line num="61" count="2" type="stmt"/>
      </file>
    </package>
    <package name="src.components.view.typed-text">
      <metrics statements="17" coveredstatements="17" conditionals="8" coveredconditionals="7" methods="6" coveredmethods="6"/>
      <file name="TypedText.tsx" path="/Users/cianogralaigh/Documents/CodeRepositories/portfolio-2020/src/components/view/typed-text/TypedText.tsx">
        <metrics statements="17" coveredstatements="17" conditionals="8" coveredconditionals="7" methods="6" coveredmethods="6"/>
        <line num="17" count="4" type="stmt"/>
        <line num="27" count="473" type="stmt"/>
        <line num="28" count="473" type="stmt"/>
        <line num="30" count="473" type="stmt"/>
        <line num="31" count="179" type="stmt"/>
        <line num="35" count="8" type="stmt"/>
        <line num="36" count="182" type="cond" truecount="2" falsecount="0"/>
        <line num="37" count="3" type="stmt"/>
        <line num="38" count="3" type="stmt"/>
        <line num="39" count="3" type="stmt"/>
        <line num="42" count="179" type="stmt"/>
        <line num="44" count="179" type="stmt"/>
        <line num="45" count="179" type="stmt"/>
        <line num="48" count="8" type="cond" truecount="2" falsecount="0"/>
        <line num="50" count="8" type="stmt"/>
        <line num="51" count="3" type="cond" truecount="2" falsecount="0"/>
        <line num="55" count="473" type="stmt"/>
      </file>
    </package>
    <package name="src.helpers">
      <metrics statements="9" coveredstatements="9" conditionals="0" coveredconditionals="0" methods="2" coveredmethods="2"/>
      <file name="testHelpers.ts" path="/Users/cianogralaigh/Documents/CodeRepositories/portfolio-2020/src/helpers/testHelpers.ts">
        <metrics statements="9" coveredstatements="9" conditionals="0" coveredconditionals="0" methods="2" coveredmethods="2"/>
        <line num="4" count="14" type="stmt"/>
        <line num="5" count="22" type="stmt"/>
        <line num="6" count="22" type="stmt"/>
        <line num="7" count="22" type="stmt"/>
        <line num="10" count="14" type="stmt"/>
        <line num="11" count="20" type="stmt"/>
        <line num="12" count="20" type="stmt"/>
        <line num="13" count="20" type="stmt"/>
        <line num="16" count="14" type="stmt"/>
      </file>
    </package>
    <package name="src.testdata">
      <metrics statements="5" coveredstatements="4" conditionals="0" coveredconditionals="0" methods="7" coveredmethods="4"/>
      <file name="mockIntersectionObserver.ts" path="/Users/cianogralaigh/Documents/CodeRepositories/portfolio-2020/src/testdata/mockIntersectionObserver.ts">
        <metrics statements="2" coveredstatements="1" conditionals="0" coveredconditionals="0" methods="6" coveredmethods="3"/>
        <line num="3" count="0" type="stmt"/>
        <line num="10" count="4" type="stmt"/>
      </file>
      <file name="mockQuery.ts" path="/Users/cianogralaigh/Documents/CodeRepositories/portfolio-2020/src/testdata/mockQuery.ts">
        <metrics statements="3" coveredstatements="3" conditionals="0" coveredconditionals="0" methods="1" coveredmethods="1"/>
        <line num="4" count="1" type="stmt"/>
        <line num="14" count="2" type="stmt"/>
        <line num="52" count="1" type="stmt"/>
      </file>
    </package>
  </project>
</coverage>
