{"/Users/cianogralaigh/Documents/CodeRepositories/portfolio-2020/src/components/containers/navbar/Navbar.tsx": {"path":"/Users/cianogralaigh/Documents/CodeRepositories/portfolio-2020/src/components/containers/navbar/Navbar.tsx","statementMap":{"0":{"start":{"line":9,"column":28},"end":{"line":17,"column":1}},"1":{"start":{"line":19,"column":32},"end":{"line":50,"column":1}},"2":{"start":{"line":20,"column":21},"end":{"line":20,"column":41}},"3":{"start":{"line":22,"column":27},"end":{"line":43,"column":3}},"4":{"start":{"line":23,"column":4},"end":{"line":42,"column":7}},"5":{"start":{"line":24,"column":6},"end":{"line":41,"column":8}},"6":{"start":{"line":45,"column":2},"end":{"line":49,"column":4}}},"fnMap":{"0":{"name":"(anonymous_0)","decl":{"start":{"line":19,"column":32},"end":{"line":19,"column":33}},"loc":{"start":{"line":19,"column":38},"end":{"line":50,"column":1}},"line":19},"1":{"name":"(anonymous_1)","decl":{"start":{"line":22,"column":27},"end":{"line":22,"column":28}},"loc":{"start":{"line":22,"column":67},"end":{"line":43,"column":3}},"line":22},"2":{"name":"(anonymous_2)","decl":{"start":{"line":23,"column":25},"end":{"line":23,"column":26}},"loc":{"start":{"line":23,"column":44},"end":{"line":42,"column":5}},"line":23}},"branchMap":{"0":{"loc":{"start":{"line":24,"column":13},"end":{"line":41,"column":7}},"type":"cond-expr","locations":[{"start":{"line":25,"column":8},"end":{"line":32,"column":24}},{"start":{"line":34,"column":8},"end":{"line":40,"column":24}}],"line":24}},"s":{"0":2,"1":2,"2":4,"3":4,"4":4,"5":12,"6":4},"f":{"0":4,"1":4,"2":12},"b":{"0":[4,8]},"_coverageSchema":"1a1c01bbd47fc00a2c39e90264f33305004495a9","hash":"c0729907e9a4ac992983e29a9b4b4067110f8701"}
,"/Users/cianogralaigh/Documents/CodeRepositories/portfolio-2020/src/components/styles/StyledNavBar/StyledNavbar.tsx": {"path":"/Users/cianogralaigh/Documents/CodeRepositories/portfolio-2020/src/components/styles/StyledNavBar/StyledNavbar.tsx","statementMap":{"0":{"start":{"line":8,"column":28},"end":{"line":21,"column":1}},"1":{"start":{"line":10,"column":4},"end":{"line":10,"column":78}},"2":{"start":{"line":12,"column":4},"end":{"line":12,"column":66}},"3":{"start":{"line":15,"column":28},"end":{"line":15,"column":52}}},"fnMap":{"0":{"name":"(anonymous_0)","decl":{"start":{"line":9,"column":22},"end":{"line":9,"column":23}},"loc":{"start":{"line":10,"column":4},"end":{"line":10,"column":78}},"line":10},"1":{"name":"(anonymous_1)","decl":{"start":{"line":11,"column":11},"end":{"line":11,"column":12}},"loc":{"start":{"line":12,"column":4},"end":{"line":12,"column":66}},"line":12},"2":{"name":"(anonymous_2)","decl":{"start":{"line":15,"column":17},"end":{"line":15,"column":18}},"loc":{"start":{"line":15,"column":28},"end":{"line":15,"column":52}},"line":15}},"branchMap":{"0":{"loc":{"start":{"line":10,"column":4},"end":{"line":10,"column":78}},"type":"cond-expr","locations":[{"start":{"line":10,"column":29},"end":{"line":10,"column":51}},{"start":{"line":10,"column":54},"end":{"line":10,"column":78}}],"line":10},"1":{"loc":{"start":{"line":12,"column":4},"end":{"line":12,"column":66}},"type":"cond-expr","locations":[{"start":{"line":12,"column":23},"end":{"line":12,"column":39}},{"start":{"line":12,"column":42},"end":{"line":12,"column":66}}],"line":12}},"s":{"0":3,"1":6,"2":6,"3":6},"f":{"0":6,"1":6,"2":6},"b":{"0":[1,5],"1":[1,5]},"_coverageSchema":"1a1c01bbd47fc00a2c39e90264f33305004495a9","hash":"f40ff8024fc34b1bc846a75bcc4a357432a673b4"}
,"/Users/cianogralaigh/Documents/CodeRepositories/portfolio-2020/src/components/styles/StyledNavLink/StyledNavLink.tsx": {"path":"/Users/cianogralaigh/Documents/CodeRepositories/portfolio-2020/src/components/styles/StyledNavLink/StyledNavLink.tsx","statementMap":{"0":{"start":{"line":8,"column":29},"end":{"line":30,"column":1}},"1":{"start":{"line":11,"column":6},"end":{"line":13,"column":34}},"2":{"start":{"line":15,"column":30},"end":{"line":15,"column":54}},"3":{"start":{"line":22,"column":24},"end":{"line":22,"column":39}},"4":{"start":{"line":23,"column":35},"end":{"line":23,"column":72}}},"fnMap":{"0":{"name":"(anonymous_0)","decl":{"start":{"line":10,"column":13},"end":{"line":10,"column":14}},"loc":{"start":{"line":11,"column":6},"end":{"line":13,"column":34}},"line":11},"1":{"name":"(anonymous_1)","decl":{"start":{"line":15,"column":19},"end":{"line":15,"column":20}},"loc":{"start":{"line":15,"column":30},"end":{"line":15,"column":54}},"line":15},"2":{"name":"(anonymous_2)","decl":{"start":{"line":22,"column":13},"end":{"line":22,"column":14}},"loc":{"start":{"line":22,"column":24},"end":{"line":22,"column":39}},"line":22},"3":{"name":"(anonymous_3)","decl":{"start":{"line":23,"column":23},"end":{"line":23,"column":24}},"loc":{"start":{"line":23,"column":35},"end":{"line":23,"column":72}},"line":23}},"branchMap":{"0":{"loc":{"start":{"line":11,"column":6},"end":{"line":13,"column":34}},"type":"cond-expr","locations":[{"start":{"line":12,"column":10},"end":{"line":12,"column":25}},{"start":{"line":13,"column":10},"end":{"line":13,"column":34}}],"line":11},"1":{"loc":{"start":{"line":11,"column":6},"end":{"line":11,"column":39}},"type":"binary-expr","locations":[{"start":{"line":11,"column":6},"end":{"line":11,"column":21}},{"start":{"line":11,"column":25},"end":{"line":11,"column":39}}],"line":11},"2":{"loc":{"start":{"line":23,"column":35},"end":{"line":23,"column":72}},"type":"cond-expr","locations":[{"start":{"line":23,"column":52},"end":{"line":23,"column":58}},{"start":{"line":23,"column":61},"end":{"line":23,"column":72}}],"line":23}},"s":{"0":2,"1":12,"2":12,"3":12,"4":12},"f":{"0":12,"1":12,"2":12,"3":12},"b":{"0":[4,8],"1":[12,12],"2":[4,8]},"_coverageSchema":"1a1c01bbd47fc00a2c39e90264f33305004495a9","hash":"fef1c444118b79c3ffedd76451f18228fda2484b"}
}
