{"/Users/cianogralaigh/Documents/CodeRepositories/portfolio-2020/src/components/containers/about/About.tsx": {"path":"/Users/cianogralaigh/Documents/CodeRepositories/portfolio-2020/src/components/containers/about/About.tsx","statementMap":{"0":{"start":{"line":3,"column":31},"end":{"line":5,"column":1}},"1":{"start":{"line":4,"column":2},"end":{"line":4,"column":26}}},"fnMap":{"0":{"name":"(anonymous_0)","decl":{"start":{"line":3,"column":31},"end":{"line":3,"column":32}},"loc":{"start":{"line":3,"column":37},"end":{"line":5,"column":1}},"line":3}},"branchMap":{},"s":{"0":1,"1":1},"f":{"0":1},"b":{},"_coverageSchema":"1a1c01bbd47fc00a2c39e90264f33305004495a9","hash":"e696e708bc5d3e9418e294fd9a6d98b833b33fb2"}
,"/Users/cianogralaigh/Documents/CodeRepositories/portfolio-2020/src/components/containers/blog/Blog.tsx": {"path":"/Users/cianogralaigh/Documents/CodeRepositories/portfolio-2020/src/components/containers/blog/Blog.tsx","statementMap":{"0":{"start":{"line":3,"column":30},"end":{"line":5,"column":1}},"1":{"start":{"line":4,"column":2},"end":{"line":4,"column":25}}},"fnMap":{"0":{"name":"(anonymous_0)","decl":{"start":{"line":3,"column":30},"end":{"line":3,"column":31}},"loc":{"start":{"line":3,"column":36},"end":{"line":5,"column":1}},"line":3}},"branchMap":{},"s":{"0":1,"1":1},"f":{"0":1},"b":{},"_coverageSchema":"1a1c01bbd47fc00a2c39e90264f33305004495a9","hash":"8ffc4d4efb20c5fa2b8db438ec02b5e662970eef"}
,"/Users/cianogralaigh/Documents/CodeRepositories/portfolio-2020/src/components/containers/navbar/Navbar.tsx": {"path":"/Users/cianogralaigh/Documents/CodeRepositories/portfolio-2020/src/components/containers/navbar/Navbar.tsx","statementMap":{"0":{"start":{"line":3,"column":32},"end":{"line":5,"column":1}},"1":{"start":{"line":4,"column":2},"end":{"line":4,"column":27}}},"fnMap":{"0":{"name":"(anonymous_0)","decl":{"start":{"line":3,"column":32},"end":{"line":3,"column":33}},"loc":{"start":{"line":3,"column":38},"end":{"line":5,"column":1}},"line":3}},"branchMap":{},"s":{"0":1,"1":1},"f":{"0":1},"b":{},"_coverageSchema":"1a1c01bbd47fc00a2c39e90264f33305004495a9","hash":"9ec95689489f561ab72d430d88250aa9188a583d"}
,"/Users/cianogralaigh/Documents/CodeRepositories/portfolio-2020/src/components/containers/projects/Projects.tsx": {"path":"/Users/cianogralaigh/Documents/CodeRepositories/portfolio-2020/src/components/containers/projects/Projects.tsx","statementMap":{"0":{"start":{"line":3,"column":34},"end":{"line":5,"column":1}},"1":{"start":{"line":4,"column":2},"end":{"line":4,"column":29}}},"fnMap":{"0":{"name":"(anonymous_0)","decl":{"start":{"line":3,"column":34},"end":{"line":3,"column":35}},"loc":{"start":{"line":3,"column":40},"end":{"line":5,"column":1}},"line":3}},"branchMap":{},"s":{"0":1,"1":1},"f":{"0":1},"b":{},"_coverageSchema":"1a1c01bbd47fc00a2c39e90264f33305004495a9","hash":"cdba64133aa0f320ecd0fd7ce04f7b8225779cb9"}
,"/Users/cianogralaigh/Documents/CodeRepositories/portfolio-2020/src/components/view/about-text/AboutText.tsx": {"path":"/Users/cianogralaigh/Documents/CodeRepositories/portfolio-2020/src/components/view/about-text/AboutText.tsx","statementMap":{"0":{"start":{"line":3,"column":35},"end":{"line":5,"column":1}},"1":{"start":{"line":4,"column":2},"end":{"line":4,"column":30}}},"fnMap":{"0":{"name":"(anonymous_0)","decl":{"start":{"line":3,"column":35},"end":{"line":3,"column":36}},"loc":{"start":{"line":3,"column":41},"end":{"line":5,"column":1}},"line":3}},"branchMap":{},"s":{"0":1,"1":1},"f":{"0":1},"b":{},"_coverageSchema":"1a1c01bbd47fc00a2c39e90264f33305004495a9","hash":"e187e8a569e43fde9a33f2d2d00a3ecb5fb5ada2"}
,"/Users/cianogralaigh/Documents/CodeRepositories/portfolio-2020/src/components/view/box-button/BoxButton.tsx": {"path":"/Users/cianogralaigh/Documents/CodeRepositories/portfolio-2020/src/components/view/box-button/BoxButton.tsx","statementMap":{"0":{"start":{"line":3,"column":35},"end":{"line":5,"column":1}},"1":{"start":{"line":4,"column":2},"end":{"line":4,"column":30}}},"fnMap":{"0":{"name":"(anonymous_0)","decl":{"start":{"line":3,"column":35},"end":{"line":3,"column":36}},"loc":{"start":{"line":3,"column":41},"end":{"line":5,"column":1}},"line":3}},"branchMap":{},"s":{"0":1,"1":1},"f":{"0":1},"b":{},"_coverageSchema":"1a1c01bbd47fc00a2c39e90264f33305004495a9","hash":"b2c23be7f477054d59fe3e60d9bedfc038a59cc6"}
,"/Users/cianogralaigh/Documents/CodeRepositories/portfolio-2020/src/components/view/box-container/BoxContainer.tsx": {"path":"/Users/cianogralaigh/Documents/CodeRepositories/portfolio-2020/src/components/view/box-container/BoxContainer.tsx","statementMap":{"0":{"start":{"line":3,"column":38},"end":{"line":5,"column":1}},"1":{"start":{"line":4,"column":2},"end":{"line":4,"column":33}}},"fnMap":{"0":{"name":"(anonymous_0)","decl":{"start":{"line":3,"column":38},"end":{"line":3,"column":39}},"loc":{"start":{"line":3,"column":44},"end":{"line":5,"column":1}},"line":3}},"branchMap":{},"s":{"0":1,"1":1},"f":{"0":1},"b":{},"_coverageSchema":"1a1c01bbd47fc00a2c39e90264f33305004495a9","hash":"3619fa49207d7cf6113d2881df01559465c81a05"}
,"/Users/cianogralaigh/Documents/CodeRepositories/portfolio-2020/src/components/view/box-description/BoxDescription.tsx": {"path":"/Users/cianogralaigh/Documents/CodeRepositories/portfolio-2020/src/components/view/box-description/BoxDescription.tsx","statementMap":{"0":{"start":{"line":3,"column":40},"end":{"line":5,"column":1}},"1":{"start":{"line":4,"column":2},"end":{"line":4,"column":35}}},"fnMap":{"0":{"name":"(anonymous_0)","decl":{"start":{"line":3,"column":40},"end":{"line":3,"column":41}},"loc":{"start":{"line":3,"column":46},"end":{"line":5,"column":1}},"line":3}},"branchMap":{},"s":{"0":1,"1":1},"f":{"0":1},"b":{},"_coverageSchema":"1a1c01bbd47fc00a2c39e90264f33305004495a9","hash":"2c6bd1fb27b46d211cd576a380f700c5786fe6e7"}
,"/Users/cianogralaigh/Documents/CodeRepositories/portfolio-2020/src/components/view/box-hashtag/BoxHashtag.tsx": {"path":"/Users/cianogralaigh/Documents/CodeRepositories/portfolio-2020/src/components/view/box-hashtag/BoxHashtag.tsx","statementMap":{"0":{"start":{"line":3,"column":36},"end":{"line":5,"column":1}},"1":{"start":{"line":4,"column":2},"end":{"line":4,"column":31}}},"fnMap":{"0":{"name":"(anonymous_0)","decl":{"start":{"line":3,"column":36},"end":{"line":3,"column":37}},"loc":{"start":{"line":3,"column":42},"end":{"line":5,"column":1}},"line":3}},"branchMap":{},"s":{"0":1,"1":1},"f":{"0":1},"b":{},"_coverageSchema":"1a1c01bbd47fc00a2c39e90264f33305004495a9","hash":"6bb9cf15e2eea62ae615be633da4698c88074c4f"}
,"/Users/cianogralaigh/Documents/CodeRepositories/portfolio-2020/src/components/view/box-logo/BoxLogo.tsx": {"path":"/Users/cianogralaigh/Documents/CodeRepositories/portfolio-2020/src/components/view/box-logo/BoxLogo.tsx","statementMap":{"0":{"start":{"line":3,"column":33},"end":{"line":5,"column":1}},"1":{"start":{"line":4,"column":2},"end":{"line":4,"column":28}}},"fnMap":{"0":{"name":"(anonymous_0)","decl":{"start":{"line":3,"column":33},"end":{"line":3,"column":34}},"loc":{"start":{"line":3,"column":39},"end":{"line":5,"column":1}},"line":3}},"branchMap":{},"s":{"0":1,"1":1},"f":{"0":1},"b":{},"_coverageSchema":"1a1c01bbd47fc00a2c39e90264f33305004495a9","hash":"78c937a13cd34ad48b7de5a52ec39f8cb1bc2aa2"}
,"/Users/cianogralaigh/Documents/CodeRepositories/portfolio-2020/src/components/view/box-title/BoxTitle.tsx": {"path":"/Users/cianogralaigh/Documents/CodeRepositories/portfolio-2020/src/components/view/box-title/BoxTitle.tsx","statementMap":{"0":{"start":{"line":3,"column":34},"end":{"line":5,"column":1}},"1":{"start":{"line":4,"column":2},"end":{"line":4,"column":29}}},"fnMap":{"0":{"name":"(anonymous_0)","decl":{"start":{"line":3,"column":34},"end":{"line":3,"column":35}},"loc":{"start":{"line":3,"column":40},"end":{"line":5,"column":1}},"line":3}},"branchMap":{},"s":{"0":1,"1":1},"f":{"0":1},"b":{},"_coverageSchema":"1a1c01bbd47fc00a2c39e90264f33305004495a9","hash":"084f40f7fb738c48c1fbf8a14e99bbaf01f3af36"}
,"/Users/cianogralaigh/Documents/CodeRepositories/portfolio-2020/src/components/view/margin/Margin.tsx": {"path":"/Users/cianogralaigh/Documents/CodeRepositories/portfolio-2020/src/components/view/margin/Margin.tsx","statementMap":{"0":{"start":{"line":3,"column":32},"end":{"line":5,"column":1}},"1":{"start":{"line":4,"column":2},"end":{"line":4,"column":27}}},"fnMap":{"0":{"name":"(anonymous_0)","decl":{"start":{"line":3,"column":32},"end":{"line":3,"column":33}},"loc":{"start":{"line":3,"column":38},"end":{"line":5,"column":1}},"line":3}},"branchMap":{},"s":{"0":1,"1":1},"f":{"0":1},"b":{},"_coverageSchema":"1a1c01bbd47fc00a2c39e90264f33305004495a9","hash":"2601b5843ad2111d4975235bfdef21614322d405"}
,"/Users/cianogralaigh/Documents/CodeRepositories/portfolio-2020/src/components/view/page-title/PageTitle.tsx": {"path":"/Users/cianogralaigh/Documents/CodeRepositories/portfolio-2020/src/components/view/page-title/PageTitle.tsx","statementMap":{"0":{"start":{"line":3,"column":35},"end":{"line":5,"column":1}},"1":{"start":{"line":4,"column":2},"end":{"line":4,"column":30}}},"fnMap":{"0":{"name":"(anonymous_0)","decl":{"start":{"line":3,"column":35},"end":{"line":3,"column":36}},"loc":{"start":{"line":3,"column":41},"end":{"line":5,"column":1}},"line":3}},"branchMap":{},"s":{"0":1,"1":1},"f":{"0":1},"b":{},"_coverageSchema":"1a1c01bbd47fc00a2c39e90264f33305004495a9","hash":"5e00728374b7e55803222be8308dfb8e0c7396f7"}
,"/Users/cianogralaigh/Documents/CodeRepositories/portfolio-2020/src/components/view/tag/Tag.tsx": {"path":"/Users/cianogralaigh/Documents/CodeRepositories/portfolio-2020/src/components/view/tag/Tag.tsx","statementMap":{"0":{"start":{"line":3,"column":29},"end":{"line":5,"column":1}},"1":{"start":{"line":4,"column":2},"end":{"line":4,"column":24}}},"fnMap":{"0":{"name":"(anonymous_0)","decl":{"start":{"line":3,"column":29},"end":{"line":3,"column":30}},"loc":{"start":{"line":3,"column":35},"end":{"line":5,"column":1}},"line":3}},"branchMap":{},"s":{"0":1,"1":1},"f":{"0":1},"b":{},"_coverageSchema":"1a1c01bbd47fc00a2c39e90264f33305004495a9","hash":"c146d70910380870293dd0aff67922b557c07e37"}
}
