TN:
SF:src/App.tsx
FN:16,(anonymous_0)
FNF:1
FNH:1
FNDA:5,(anonymous_0)
DA:16,1
DA:17,5
DA:24,5
DA:25,2
DA:27,1
LF:5
LH:5
BRDA:24,0,0,3
BRDA:24,0,1,2
BRDA:25,1,0,1
BRDA:25,1,1,1
BRF:4
BRH:4
end_of_record
TN:
SF:src/components/containers/navbar/Navbar.tsx
FN:19,(anonymous_0)
FN:22,(anonymous_1)
FN:23,(anonymous_2)
FNF:3
FNH:3
FNDA:4,(anonymous_0)
FNDA:4,(anonymous_1)
FNDA:12,(anonymous_2)
DA:9,2
DA:19,2
DA:20,4
DA:22,4
DA:23,4
DA:24,12
DA:41,4
LF:7
LH:7
BRDA:24,0,0,4
BRDA:24,0,1,8
BRF:2
BRH:2
end_of_record
TN:
SF:src/components/styles/theme.ts
FNF:0
FNH:0
DA:3,3
LF:1
LH:1
BRF:0
BRH:0
end_of_record
TN:
SF:src/components/styles/StyledNavBar/StyledNavbar.tsx
FN:9,(anonymous_0)
FN:11,(anonymous_1)
FN:15,(anonymous_2)
FNF:3
FNH:3
FNDA:6,(anonymous_0)
FNDA:6,(anonymous_1)
FNDA:6,(anonymous_2)
DA:8,3
DA:10,6
DA:12,6
DA:15,6
LF:4
LH:4
BRDA:10,0,0,1
BRDA:10,0,1,5
BRDA:12,1,0,1
BRDA:12,1,1,5
BRF:4
BRH:4
end_of_record
TN:
SF:src/components/styles/StyledNavLink/StyledNavLink.tsx
FN:10,(anonymous_0)
FN:15,(anonymous_1)
FNF:2
FNH:2
FNDA:12,(anonymous_0)
FNDA:12,(anonymous_1)
DA:8,2
DA:11,12
DA:15,12
LF:3
LH:3
BRDA:11,0,0,4
BRDA:11,0,1,8
BRDA:11,1,0,12
BRDA:11,1,1,4
BRF:4
BRH:4
end_of_record
TN:
SF:src/hooks/useCurrentPath.tsx
FN:3,(anonymous_0)
FNF:1
FNH:1
FNDA:4,(anonymous_0)
DA:3,2
DA:4,4
DA:5,4
LF:3
LH:3
BRF:0
BRH:0
end_of_record
TN:
SF:src/models/NavLink.model.ts
FNF:0
FNH:0
LF:0
LH:0
BRF:0
BRH:0
end_of_record
TN:
SF:src/testdata/mockQuery.ts
FN:13,(anonymous_0)
FNF:1
FNH:1
FNDA:2,(anonymous_0)
DA:4,1
DA:14,2
DA:52,1
LF:3
LH:3
BRF:0
BRH:0
end_of_record
